<?xml version="1.0" encoding="UTF-8"?>
<!-- Generated by org.testng.reporters.JUnitXMLReporter -->
<testsuite hostname="wuyechun" name="Default test" tests="3" failures="0" timestamp="31 Oct 2017 13:23:43 GMT" time="6.02" errors="0">
  <testcase name="testAddLoginLog" time="0.092" classname="com.wyc.service.UserServiceTest"/>
  <testcase name="testFindUserByUserName" time="0.151" classname="com.wyc.service.UserServiceTest"/>
  <testcase name="testHasMatchUser" time="0.012" classname="com.wyc.service.UserServiceTest"/>
</testsuite> <!-- Default test -->
